<?xml version="1.0" encoding="UTF-8"?>
<!-- Generated by org.testng.reporters.JUnitReportReporter -->
<testsuite hostname="MacBook-Pro-de-Victor.local" failures="0" tests="1" name="com.vhsantos.SearchTest" time="6.813" errors="0" timestamp="2022-11-07T19:29:23 BRT" skipped="0">
  <testcase classname="com.vhsantos.SearchTest" name="test_totalOfSearchResult" time="6.813"/>
  <system-out/>
</testsuite> <!-- com.vhsantos.SearchTest -->
