<?xml version="1.0" encoding="UTF-8"?>
<!-- Generated by org.testng.reporters.JUnitReportReporter -->
<testsuite hostname="MacBook-Pro-de-Victor.local" failures="0" tests="1" name="com.vhsantos.tests.SearchTest" time="9.998" errors="0" timestamp="2022-11-07T19:54:26 BRT" skipped="0">
  <testcase classname="com.vhsantos.tests.SearchTest" name="test_totalOfSearchResult" time="9.998"/>
  <system-out/>
</testsuite> <!-- com.vhsantos.tests.SearchTest -->
